<?xml version="1.0" encoding="UTF-8"?>
<!-- Generated by org.testng.reporters.JUnitReportReporter -->
<testsuite hostname="IN-SCHADHA" name="com.shray.automation.intergration.stepdefinitions.VerifyMail" tests="1" failures="0" timestamp="29 Oct 2018 09:11:05 GMT" time="0.002" errors="0">
  <testcase name="output" time="0.002" classname="com.shray.automation.intergration.stepdefinitions.VerifyMail"/>
</testsuite> <!-- com.shray.automation.intergration.stepdefinitions.VerifyMail -->
